Using pre-set license
Built from '2020.3/staging' branch; Version is '2020.3.0f1 (c7b5465681fb) revision 13088070'; Using compiler version '192528614'; Build Type 'Release'
OS: 'Windows 10 Home Single Language; OS build 22000.739; Version 2009; 64bit' Language: 'en' Physical Memory: 7616 MB
BatchMode: 1, IsHumanControllingUs: 0, StartBugReporterOnCrash: 0, Is64bit: 1, IsPro: 0

 COMMAND LINE ARGUMENTS:
C:\Program Files\Unity\Hub\Editor\2020.3.0f1\Editor\Unity.exe
-adb2
-batchMode
-noUpm
-name
AssetImportWorker0
-projectPath
C:/Users/adham/Desktop/gamewar/healthbar
-logFile
Logs/AssetImportWorker0.log
-srvPort
50540
Successfully changed project path to: C:/Users/adham/Desktop/gamewar/healthbar
C:/Users/adham/Desktop/gamewar/healthbar
Using Asset Import Pipeline V2.
Refreshing native plugins compatible for Editor in 71.43 ms, found 0 plugins.
Preloading 0 native plugins for Editor in 0.00 ms.
Initialize engine version: 2020.3.0f1 (c7b5465681fb)
[Subsystems] Discovering subsystems at path C:/Program Files/Unity/Hub/Editor/2020.3.0f1/Editor/Data/Resources/UnitySubsystems
[Subsystems] Discovering subsystems at path C:/Users/adham/Desktop/gamewar/healthbar/Assets
GfxDevice: creating device client; threaded=0
Direct3D:
    Version:  Direct3D 11.0 [level 11.1]
    Renderer: NVIDIA GeForce GTX 1650 (ID=0x1f91)
    Vendor:   
    VRAM:     3962 MB
    Driver:   30.0.15.1165
Initialize mono
Mono path[0] = 'C:/Program Files/Unity/Hub/Editor/2020.3.0f1/Editor/Data/Managed'
Mono path[1] = 'C:/Program Files/Unity/Hub/Editor/2020.3.0f1/Editor/Data/MonoBleedingEdge/lib/mono/unityjit'
Mono config path = 'C:/Program Files/Unity/Hub/Editor/2020.3.0f1/Editor/Data/MonoBleedingEdge/etc'
Using monoOptions --debugger-agent=transport=dt_socket,embedding=1,server=y,suspend=n,address=127.0.0.1:56800
Begin MonoManager ReloadAssembly
Registering precompiled unity dll's ...
Register platform support module: C:/Program Files/Unity/Hub/Editor/2020.3.0f1/Editor/Data/PlaybackEngines/WindowsStandaloneSupport/UnityEditor.WindowsStandalone.Extensions.dll
Registered in 0.003971 seconds.
Native extension for WindowsStandalone target not found
Refreshing native plugins compatible for Editor in 64.47 ms, found 0 plugins.
Preloading 0 native plugins for Editor in 0.00 ms.
Invoked RoslynAnalysisRunner static constructor.
RoslynAnalysisRunner will not be running.
RoslynAnalysisRunner has terminated.
Mono: successfully reloaded assembly
- Completed reload, in  3.213 seconds
Platform modules already initialized, skipping
Registering precompiled user dll's ...
Registered in 0.001650 seconds.
Begin MonoManager ReloadAssembly
Native extension for WindowsStandalone target not found
Refreshing native plugins compatible for Editor in 0.43 ms, found 0 plugins.
Preloading 0 native plugins for Editor in 0.00 ms.
Invoked RoslynAnalysisRunner static constructor.
RoslynAnalysisRunner will not be running.
RoslynAnalysisRunner has terminated.
Mono: successfully reloaded assembly
- Completed reload, in  2.523 seconds
Platform modules already initialized, skipping
========================================================================
Worker process is ready to serve import requests
Launched and connected shader compiler UnityShaderCompiler.exe after 0.12 seconds
Refreshing native plugins compatible for Editor in 0.67 ms, found 0 plugins.
Preloading 0 native plugins for Editor in 0.00 ms.
Unloading 1113 Unused Serialized files (Serialized files now loaded: 0)
System memory in use before: 56.8 MB.
System memory in use after: 56.9 MB.

Unloading 10 unused Assets to reduce memory usage. Loaded Objects now: 1556.
Total: 4.144400 ms (FindLiveObjects: 0.460100 ms CreateObjectMapping: 0.111600 ms MarkObjects: 3.390900 ms  DeleteObjects: 0.176900 ms)

========================================================================
Received Import Request.
  path: Assets
  artifactKey: Guid(00000000000000001000000000000000) Importer(815301076,1909f56bfc062723c751e8b465ee728b)
Start importing Assets using Guid(00000000000000001000000000000000) Importer(815301076,1909f56bfc062723c751e8b465ee728b)  -> (artifact id: '42baae205c97e3337697759514652acd') in 0.035226 seconds
  Import took 0.041507 seconds .

========================================================================
Received Import Request.
  Time since last request: 1.903835 seconds.
  path: Assets/healthibarassets
  artifactKey: Guid(1e891adedf96c884b8bdaa4d361aabb2) Importer(815301076,1909f56bfc062723c751e8b465ee728b)
Start importing Assets/healthibarassets using Guid(1e891adedf96c884b8bdaa4d361aabb2) Importer(815301076,1909f56bfc062723c751e8b465ee728b)  -> (artifact id: 'd8c7dae5c03cbd1af6a2af39c90eaf3d') in 0.022118 seconds
  Import took 0.028195 seconds .

========================================================================
Received Import Request.
  Time since last request: 27.868115 seconds.
  path: Assets/healthibarassets/BACK_HealthBar.png
  artifactKey: Guid(fb2668e3161d55a49ac96d82cc6db194) Importer(815301076,1909f56bfc062723c751e8b465ee728b)
Start importing Assets/healthibarassets/BACK_HealthBar.png using Guid(fb2668e3161d55a49ac96d82cc6db194) Importer(815301076,1909f56bfc062723c751e8b465ee728b)  -> (artifact id: '36c3afb947d376ebb2ab2ca2479afc63') in 0.182038 seconds
  Import took 0.187703 seconds .

========================================================================
Received Import Request.
  Time since last request: 0.000434 seconds.
  path: Assets/healthibarassets/FRONT_HealthBar.png
  artifactKey: Guid(0802536019d63f94b9de246bb129b176) Importer(815301076,1909f56bfc062723c751e8b465ee728b)
Start importing Assets/healthibarassets/FRONT_HealthBar.png using Guid(0802536019d63f94b9de246bb129b176) Importer(815301076,1909f56bfc062723c751e8b465ee728b)  -> (artifact id: '979b6e054edb79bd434351d4b8958ef4') in 0.024936 seconds
  Import took 0.029492 seconds .

========================================================================
Received Import Request.
  Time since last request: 0.000407 seconds.
  path: Assets/healthibarassets/Frame.png
  artifactKey: Guid(ba8b912c4462e18409d3add424b9c3a1) Importer(815301076,1909f56bfc062723c751e8b465ee728b)
Start importing Assets/healthibarassets/Frame.png using Guid(ba8b912c4462e18409d3add424b9c3a1) Importer(815301076,1909f56bfc062723c751e8b465ee728b)  -> (artifact id: 'e2269137e33f388c4995f175682c5f8e') in 0.025813 seconds
  Import took 0.030653 seconds .

========================================================================
Received Import Request.
  Time since last request: 0.000391 seconds.
  path: Assets/healthibarassets/HeartIcon.png
  artifactKey: Guid(3d383f878ef89064c91ec01626901c93) Importer(815301076,1909f56bfc062723c751e8b465ee728b)
Start importing Assets/healthibarassets/HeartIcon.png using Guid(3d383f878ef89064c91ec01626901c93) Importer(815301076,1909f56bfc062723c751e8b465ee728b)  -> (artifact id: 'f5aeb47d4cd81b2eb523cca55daf8842') in 0.029263 seconds
  Import took 0.034473 seconds .

========================================================================
Received Import Request.
  Time since last request: 0.000461 seconds.
  path: Assets/healthibarassets/BACK_XpBar.png
  artifactKey: Guid(dc6f94ba4fe59964e911355cdd1278f0) Importer(815301076,1909f56bfc062723c751e8b465ee728b)
Start importing Assets/healthibarassets/BACK_XpBar.png using Guid(dc6f94ba4fe59964e911355cdd1278f0) Importer(815301076,1909f56bfc062723c751e8b465ee728b)  -> (artifact id: '66fdf511f7a858e24ab3c7244316bbf0') in 0.030813 seconds
  Import took 0.037181 seconds .

========================================================================
Received Import Request.
  Time since last request: 0.000423 seconds.
  path: Assets/healthibarassets/FRONT_XpBar.png
  artifactKey: Guid(af92a212b02d30d4a86b3abd548bd076) Importer(815301076,1909f56bfc062723c751e8b465ee728b)
Start importing Assets/healthibarassets/FRONT_XpBar.png using Guid(af92a212b02d30d4a86b3abd548bd076) Importer(815301076,1909f56bfc062723c751e8b465ee728b)  -> (artifact id: '59b989a5b00f4171bad52679c72c0e37') in 0.035351 seconds
  Import took 0.040562 seconds .

========================================================================
Received Import Request.
  Time since last request: 411.225455 seconds.
  path: Assets/Scenes
  artifactKey: Guid(940632b24f7f5844e8b23ee865d62c68) Importer(815301076,1909f56bfc062723c751e8b465ee728b)
Start importing Assets/Scenes using Guid(940632b24f7f5844e8b23ee865d62c68) Importer(815301076,1909f56bfc062723c751e8b465ee728b)  -> (artifact id: 'defa367c8548b71d3778ea323bea9a5d') in 0.021857 seconds
  Import took 0.031873 seconds .

========================================================================
Received Import Request.
  Time since last request: 0.003438 seconds.
  path: Assets/Scenes
  artifactKey: Guid(940632b24f7f5844e8b23ee865d62c68) Importer(815301076,1909f56bfc062723c751e8b465ee728b)
Start importing Assets/Scenes using Guid(940632b24f7f5844e8b23ee865d62c68) Importer(815301076,1909f56bfc062723c751e8b465ee728b)  -> (artifact id: 'defa367c8548b71d3778ea323bea9a5d') in 0.010273 seconds
  Import took 0.015488 seconds .

========================================================================
Received Import Request.
  Time since last request: 68.661395 seconds.
  path: Assets/healthibarassets/Frame.png
  artifactKey: Guid(ba8b912c4462e18409d3add424b9c3a1) Importer(815301076,1909f56bfc062723c751e8b465ee728b)
Start importing Assets/healthibarassets/Frame.png using Guid(ba8b912c4462e18409d3add424b9c3a1) Importer(815301076,1909f56bfc062723c751e8b465ee728b)  -> (artifact id: '82235444a481c026c9b4c42b4c0c5027') in 0.165313 seconds
  Import took 0.170707 seconds .

========================================================================
Received Import Request.
  Time since last request: 343.011328 seconds.
  path: Assets/healthibarassets/FRONT_HealthBar.png
  artifactKey: Guid(0802536019d63f94b9de246bb129b176) Importer(815301076,1909f56bfc062723c751e8b465ee728b)
Start importing Assets/healthibarassets/FRONT_HealthBar.png using Guid(0802536019d63f94b9de246bb129b176) Importer(815301076,1909f56bfc062723c751e8b465ee728b)  -> (artifact id: '854115242ac18e85da0985829cf390b5') in 0.072119 seconds
  Import took 0.083812 seconds .

========================================================================
Received Import Request.
  Time since last request: 305.087948 seconds.
  path: Assets/healthibarassets/BACK_XpBar.png
  artifactKey: Guid(dc6f94ba4fe59964e911355cdd1278f0) Importer(815301076,1909f56bfc062723c751e8b465ee728b)
Start importing Assets/healthibarassets/BACK_XpBar.png using Guid(dc6f94ba4fe59964e911355cdd1278f0) Importer(815301076,1909f56bfc062723c751e8b465ee728b)  -> (artifact id: 'd3893458971260e088046a2505290ddf') in 0.042385 seconds
  Import took 0.052850 seconds .

========================================================================
Received Import Request.
  Time since last request: 0.009792 seconds.
  path: Assets/healthibarassets/BACK_XpBar.png
  artifactKey: Guid(dc6f94ba4fe59964e911355cdd1278f0) Importer(815301076,1909f56bfc062723c751e8b465ee728b)
Start importing Assets/healthibarassets/BACK_XpBar.png using Guid(dc6f94ba4fe59964e911355cdd1278f0) Importer(815301076,1909f56bfc062723c751e8b465ee728b)  -> (artifact id: 'd3893458971260e088046a2505290ddf') in 0.030575 seconds
  Import took 0.037535 seconds .

========================================================================
Received Import Request.
  Time since last request: 1112.813662 seconds.
  path: Assets/scripts
  artifactKey: Guid(a3a39b4c3edbe884cae0bc37eb84e284) Importer(815301076,1909f56bfc062723c751e8b465ee728b)
Start importing Assets/scripts using Guid(a3a39b4c3edbe884cae0bc37eb84e284) Importer(815301076,1909f56bfc062723c751e8b465ee728b)  -> (artifact id: '4def677405178ede0bfa62d2ad0eb092') in 0.033571 seconds
  Import took 0.055052 seconds .

========================================================================
Received Import Request.
  Time since last request: 13.582083 seconds.
  path: Assets/scripts/Playerhealth.cs
  artifactKey: Guid(2a21d1fe7e3067f4caa5d152b9134464) Importer(815301076,1909f56bfc062723c751e8b465ee728b)
Start importing Assets/scripts/Playerhealth.cs using Guid(2a21d1fe7e3067f4caa5d152b9134464) Importer(815301076,1909f56bfc062723c751e8b465ee728b)  -> (artifact id: '0bd5a630523f876aee6c781136edb471') in 0.228055 seconds
  Import took 0.234464 seconds .

========================================================================
Received Prepare
Registering precompiled user dll's ...
Registered in 0.001185 seconds.
Begin MonoManager ReloadAssembly
Native extension for WindowsStandalone target not found
Refreshing native plugins compatible for Editor in 0.58 ms, found 0 plugins.
Preloading 0 native plugins for Editor in 0.00 ms.
Invoked RoslynAnalysisRunner static constructor.
RoslynAnalysisRunner will not be running.
RoslynAnalysisRunner has terminated.
Mono: successfully reloaded assembly
- Completed reload, in  4.007 seconds
Platform modules already initialized, skipping
Refreshing native plugins compatible for Editor in 0.58 ms, found 0 plugins.
Preloading 0 native plugins for Editor in 0.00 ms.
Unloading 1109 Unused Serialized files (Serialized files now loaded: 0)
System memory in use before: 59.9 MB.
System memory in use after: 60.0 MB.

Unloading 5 unused Assets to reduce memory usage. Loaded Objects now: 1574.
Total: 14.936800 ms (FindLiveObjects: 0.823500 ms CreateObjectMapping: 0.112300 ms MarkObjects: 13.531000 ms  DeleteObjects: 0.467500 ms)

========================================================================
Received Prepare
Registering precompiled user dll's ...
Registered in 0.001874 seconds.
Begin MonoManager ReloadAssembly
Native extension for WindowsStandalone target not found
Refreshing native plugins compatible for Editor in 0.45 ms, found 0 plugins.
Preloading 0 native plugins for Editor in 0.00 ms.
Invoked RoslynAnalysisRunner static constructor.
RoslynAnalysisRunner will not be running.
RoslynAnalysisRunner has terminated.
Mono: successfully reloaded assembly
- Completed reload, in  2.330 seconds
Platform modules already initialized, skipping
Refreshing native plugins compatible for Editor in 0.45 ms, found 0 plugins.
Preloading 0 native plugins for Editor in 0.00 ms.
Unloading 1109 Unused Serialized files (Serialized files now loaded: 0)
System memory in use before: 59.9 MB.
System memory in use after: 60.0 MB.

Unloading 5 unused Assets to reduce memory usage. Loaded Objects now: 1577.
Total: 4.502100 ms (FindLiveObjects: 0.389000 ms CreateObjectMapping: 0.120600 ms MarkObjects: 3.869000 ms  DeleteObjects: 0.119400 ms)

========================================================================
Received Import Request.
  Time since last request: 1653.131812 seconds.
  path: Assets/scripts/Playerhealth.cs
  artifactKey: Guid(2a21d1fe7e3067f4caa5d152b9134464) Importer(815301076,1909f56bfc062723c751e8b465ee728b)
Start importing Assets/scripts/Playerhealth.cs using Guid(2a21d1fe7e3067f4caa5d152b9134464) Importer(815301076,1909f56bfc062723c751e8b465ee728b)  -> (artifact id: 'b9b0fe635c80e5fca1dcb6ead5c82d49') in 0.015461 seconds
  Import took 0.021877 seconds .

========================================================================
Received Import Request.
  Time since last request: 134.133809 seconds.
  path: Assets/scripts/Playerhealth.cs
  artifactKey: Guid(2a21d1fe7e3067f4caa5d152b9134464) Importer(815301076,1909f56bfc062723c751e8b465ee728b)
Start importing Assets/scripts/Playerhealth.cs using Guid(2a21d1fe7e3067f4caa5d152b9134464) Importer(815301076,1909f56bfc062723c751e8b465ee728b)  -> (artifact id: 'f11db65fe1d834d22518325d7f61c692') in 0.032078 seconds
  Import took 0.041430 seconds .

========================================================================
Received Prepare
Registering precompiled user dll's ...
Registered in 0.002484 seconds.
Begin MonoManager ReloadAssembly
Native extension for WindowsStandalone target not found
Refreshing native plugins compatible for Editor in 0.44 ms, found 0 plugins.
Preloading 0 native plugins for Editor in 0.00 ms.
Invoked RoslynAnalysisRunner static constructor.
RoslynAnalysisRunner will not be running.
RoslynAnalysisRunner has terminated.
Mono: successfully reloaded assembly
- Completed reload, in  2.197 seconds
Platform modules already initialized, skipping
Refreshing native plugins compatible for Editor in 0.42 ms, found 0 plugins.
Preloading 0 native plugins for Editor in 0.00 ms.
Unloading 1109 Unused Serialized files (Serialized files now loaded: 0)
System memory in use before: 60.0 MB.
System memory in use after: 60.0 MB.

Unloading 5 unused Assets to reduce memory usage. Loaded Objects now: 1580.
Total: 3.850800 ms (FindLiveObjects: 0.292300 ms CreateObjectMapping: 0.068800 ms MarkObjects: 3.369900 ms  DeleteObjects: 0.116500 ms)

========================================================================
Received Prepare
Registering precompiled user dll's ...
Registered in 0.002079 seconds.
Begin MonoManager ReloadAssembly
Native extension for WindowsStandalone target not found
Refreshing native plugins compatible for Editor in 0.65 ms, found 0 plugins.
Preloading 0 native plugins for Editor in 0.00 ms.
Invoked RoslynAnalysisRunner static constructor.
RoslynAnalysisRunner will not be running.
RoslynAnalysisRunner has terminated.
Mono: successfully reloaded assembly
- Completed reload, in  2.399 seconds
Platform modules already initialized, skipping
Refreshing native plugins compatible for Editor in 0.78 ms, found 0 plugins.
Preloading 0 native plugins for Editor in 0.00 ms.
Unloading 1109 Unused Serialized files (Serialized files now loaded: 0)
System memory in use before: 60.0 MB.
System memory in use after: 60.1 MB.

Unloading 5 unused Assets to reduce memory usage. Loaded Objects now: 1583.
Total: 4.126300 ms (FindLiveObjects: 0.340300 ms CreateObjectMapping: 0.078100 ms MarkObjects: 3.585400 ms  DeleteObjects: 0.119400 ms)

========================================================================
Received Prepare
Registering precompiled user dll's ...
Registered in 0.001593 seconds.
Begin MonoManager ReloadAssembly
Native extension for WindowsStandalone target not found
Refreshing native plugins compatible for Editor in 0.51 ms, found 0 plugins.
Preloading 0 native plugins for Editor in 0.00 ms.
Invoked RoslynAnalysisRunner static constructor.
RoslynAnalysisRunner will not be running.
RoslynAnalysisRunner has terminated.
Mono: successfully reloaded assembly
- Completed reload, in  2.426 seconds
Platform modules already initialized, skipping
Refreshing native plugins compatible for Editor in 0.42 ms, found 0 plugins.
Preloading 0 native plugins for Editor in 0.00 ms.
Unloading 1109 Unused Serialized files (Serialized files now loaded: 0)
System memory in use before: 60.0 MB.
System memory in use after: 60.1 MB.

Unloading 5 unused Assets to reduce memory usage. Loaded Objects now: 1586.
Total: 4.184600 ms (FindLiveObjects: 0.427800 ms CreateObjectMapping: 0.114200 ms MarkObjects: 3.456500 ms  DeleteObjects: 0.181700 ms)

========================================================================
Received Prepare
Registering precompiled user dll's ...
Registered in 0.001552 seconds.
Begin MonoManager ReloadAssembly
Native extension for WindowsStandalone target not found
Refreshing native plugins compatible for Editor in 0.43 ms, found 0 plugins.
Preloading 0 native plugins for Editor in 0.00 ms.
Invoked RoslynAnalysisRunner static constructor.
RoslynAnalysisRunner will not be running.
RoslynAnalysisRunner has terminated.
Mono: successfully reloaded assembly
- Completed reload, in  2.257 seconds
Platform modules already initialized, skipping
Refreshing native plugins compatible for Editor in 0.50 ms, found 0 plugins.
Preloading 0 native plugins for Editor in 0.00 ms.
Unloading 1109 Unused Serialized files (Serialized files now loaded: 0)
System memory in use before: 60.0 MB.
System memory in use after: 60.1 MB.

Unloading 5 unused Assets to reduce memory usage. Loaded Objects now: 1589.
Total: 3.939600 ms (FindLiveObjects: 0.308600 ms CreateObjectMapping: 0.080400 ms MarkObjects: 3.433700 ms  DeleteObjects: 0.113400 ms)

========================================================================
Received Prepare
Registering precompiled user dll's ...
Registered in 0.001547 seconds.
Begin MonoManager ReloadAssembly
Native extension for WindowsStandalone target not found
Refreshing native plugins compatible for Editor in 0.37 ms, found 0 plugins.
Preloading 0 native plugins for Editor in 0.00 ms.
Invoked RoslynAnalysisRunner static constructor.
RoslynAnalysisRunner will not be running.
RoslynAnalysisRunner has terminated.
Mono: successfully reloaded assembly
- Completed reload, in  2.330 seconds
Platform modules already initialized, skipping
Refreshing native plugins compatible for Editor in 0.57 ms, found 0 plugins.
Preloading 0 native plugins for Editor in 0.00 ms.
Unloading 1109 Unused Serialized files (Serialized files now loaded: 0)
System memory in use before: 60.0 MB.
System memory in use after: 60.1 MB.

Unloading 5 unused Assets to reduce memory usage. Loaded Objects now: 1592.
Total: 4.519800 ms (FindLiveObjects: 0.345400 ms CreateObjectMapping: 0.090800 ms MarkObjects: 3.956900 ms  DeleteObjects: 0.122800 ms)

========================================================================
Received Prepare
Registering precompiled user dll's ...
Registered in 0.001777 seconds.
Begin MonoManager ReloadAssembly
Native extension for WindowsStandalone target not found
Refreshing native plugins compatible for Editor in 0.44 ms, found 0 plugins.
Preloading 0 native plugins for Editor in 0.00 ms.
Invoked RoslynAnalysisRunner static constructor.
RoslynAnalysisRunner will not be running.
RoslynAnalysisRunner has terminated.
Mono: successfully reloaded assembly
- Completed reload, in  2.337 seconds
Platform modules already initialized, skipping
Refreshing native plugins compatible for Editor in 0.67 ms, found 0 plugins.
Preloading 0 native plugins for Editor in 0.00 ms.
Unloading 1109 Unused Serialized files (Serialized files now loaded: 0)
System memory in use before: 60.0 MB.
System memory in use after: 60.1 MB.

Unloading 5 unused Assets to reduce memory usage. Loaded Objects now: 1595.
Total: 4.946600 ms (FindLiveObjects: 0.283100 ms CreateObjectMapping: 0.068600 ms MarkObjects: 4.471600 ms  DeleteObjects: 0.120000 ms)

========================================================================
Received Prepare
Registering precompiled user dll's ...
Registered in 0.001523 seconds.
Begin MonoManager ReloadAssembly
Native extension for WindowsStandalone target not found
Refreshing native plugins compatible for Editor in 0.44 ms, found 0 plugins.
Preloading 0 native plugins for Editor in 0.00 ms.
Invoked RoslynAnalysisRunner static constructor.
RoslynAnalysisRunner will not be running.
RoslynAnalysisRunner has terminated.
Mono: successfully reloaded assembly
- Completed reload, in  2.170 seconds
Platform modules already initialized, skipping
Refreshing native plugins compatible for Editor in 0.42 ms, found 0 plugins.
Preloading 0 native plugins for Editor in 0.00 ms.
Unloading 1109 Unused Serialized files (Serialized files now loaded: 0)
System memory in use before: 60.0 MB.
System memory in use after: 60.1 MB.

Unloading 5 unused Assets to reduce memory usage. Loaded Objects now: 1598.
Total: 3.899500 ms (FindLiveObjects: 0.336700 ms CreateObjectMapping: 0.070700 ms MarkObjects: 3.378200 ms  DeleteObjects: 0.110600 ms)

